<?xml version="1.0" encoding="UTF-8"?>
<!-- Generated by org.testng.reporters.JUnitXMLReporter -->
<testsuite ignored="2" hostname="LAPTOP-OFVKRPE8" failures="2" tests="9" name="Chrome Tests" time="1094.105" errors="0" timestamp="2025-09-13T23:13:11 IST">
  <testcase classname="ramchavantestautomation.Tests.LoginPageTest" name="invalidLoginTest" time="42.011"/>
  <testcase classname="ramchavantestautomation.Tests.LoginPageTest" name="invalidLoginTest" time="42.019"/>
  <testcase classname="ramchavantestautomation.Tests.LoginPageTest" name="validLoginTest" time="41.975">
    <skipped/>
  </testcase> <!-- validLoginTest -->
  <testcase classname="ramchavantestautomation.Tests.LoginPageTest" name="validLoginTest" time="42.055">
    <skipped/>
  </testcase> <!-- validLoginTest -->
  <testcase classname="ramchavantestautomation.Tests.LoginPageTest" name="validLoginTest" time="42.025">
    <failure type="java.lang.AssertionError" message="Login method returned false for: user1@test expected [true] but found [false]">
      <![CDATA[java.lang.AssertionError: Login method returned false for: user1@test expected [true] but found [false]
at ramchavantestautomation.Tests.LoginPageTest.validLoginTest(LoginPageTest.java:22)
at java.base/java.util.ArrayList.forEach(ArrayList.java:1596)
at java.base/java.util.concurrent.FutureTask.run(FutureTask.java:317)
at java.base/java.util.concurrent.ThreadPoolExecutor.runWorker(ThreadPoolExecutor.java:1144)
at java.base/java.util.concurrent.ThreadPoolExecutor$Worker.run(ThreadPoolExecutor.java:642)
at java.base/java.lang.Thread.run(Thread.java:1583)
... Removed 18 stack frames]]>
    </failure>
  </testcase> <!-- validLoginTest -->
  <testcase classname="ramchavantestautomation.Tests.LoginPageTest" name="validLoginTest" time="42.082">
    <skipped/>
  </testcase> <!-- validLoginTest -->
  <testcase classname="ramchavantestautomation.Tests.LoginPageTest" name="validLoginTest" time="41.932">
    <skipped/>
  </testcase> <!-- validLoginTest -->
  <testcase classname="ramchavantestautomation.Tests.LoginPageTest" name="validLoginTest" time="42.15">
    <failure type="java.lang.AssertionError" message="Login method returned false for: user2@test expected [true] but found [false]">
      <![CDATA[java.lang.AssertionError: Login method returned false for: user2@test expected [true] but found [false]
at ramchavantestautomation.Tests.LoginPageTest.validLoginTest(LoginPageTest.java:22)
at java.base/java.util.ArrayList.forEach(ArrayList.java:1596)
at java.base/java.util.concurrent.FutureTask.run(FutureTask.java:317)
at java.base/java.util.concurrent.ThreadPoolExecutor.runWorker(ThreadPoolExecutor.java:1144)
at java.base/java.util.concurrent.ThreadPoolExecutor$Worker.run(ThreadPoolExecutor.java:642)
at java.base/java.lang.Thread.run(Thread.java:1583)
... Removed 18 stack frames]]>
    </failure>
  </testcase> <!-- validLoginTest -->
  <testcase classname="ramchavantestautomation.Tests.SampleUnitTest" name="alwaysPass" time="0.003"/>
  <testcase classname="ramchavantestautomation.Tests.BaseTest" name="@BeforeSuite setUpSuite" time="0.0">
    <ignored/>
  </testcase> <!-- @BeforeSuite setUpSuite -->
  <testcase classname="ramchavantestautomation.Tests.BaseTest" name="@AfterSuite tearDownSuite" time="0.0">
    <ignored/>
  </testcase> <!-- @AfterSuite tearDownSuite -->
</testsuite> <!-- Chrome Tests -->
