<!DOCTYPE html PUBLIC "-//W3C//DTD XHTML 1.1//EN" "https://www.w3.org/TR/xhtml11/DTD/xhtml11.dtd">
<html xmlns="https://www.w3.org/1999/xhtml">
<head>
<meta http-equiv="content-type" content="text/html; charset=UTF-8"/>
<title>TestNG Report</title>
<style type="text/css">table {margin-bottom:10px;border-collapse:collapse;empty-cells:show}th,td {border:1px solid #009;padding:.25em .5em}th {vertical-align:bottom}td {vertical-align:top}table a {font-weight:bold}.stripe td {background-color: #E6EBF9}.num {text-align:right}.passedodd td {background-color: #3F3}.passedeven td {background-color: #0A0}.skippedodd td {background-color: #DDD}.skippedeven td {background-color: #CCC}.failedodd td,.attn {background-color: #F33}.failedeven td,.stripe .attn {background-color: #D00}.stacktrace {white-space:pre;font-family:monospace}.totop {font-size:85%;text-align:center;border-bottom:2px solid #000}.invisible {display:none}</style>
</head>
<body>
<table>
<tr><th>Test</th><th># Passed</th><th># Skipped</th><th># Retried</th><th># Failed</th><th>Time (ms)</th><th>Included Groups</th><th>Excluded Groups</th></tr>
<tr><th colspan="8">Ecommerce Automation Suite</th></tr>
<tr><td><a href="#t0">Firefox Tests</a></td><td class="num">3</td><td class="num">0</td><td class="num attn">4</td><td class="num attn">2</td><td class="num">1,083,554</td><td></td><td></td></tr>
<tr class="stripe"><td><a href="#t1">Chrome Tests</a></td><td class="num">3</td><td class="num">0</td><td class="num attn">4</td><td class="num attn">2</td><td class="num">1,094,105</td><td></td><td></td></tr>
<tr><th>Total</th><th class="num">6</th><th class="num">0</th><th class="num attn">8</th><th class="num attn">4</th><th class="num">2,177,659</th><th colspan="2"></th></tr>
</table>
<table id='summary'><thead><tr><th>Class</th><th>Method</th><th>Start</th><th>Time (ms)</th></tr></thead><tbody><tr><th colspan="4">Ecommerce Automation Suite</th></tr></tbody><tbody id="t0"><tr><th colspan="4">Firefox Tests &#8212; failed</th></tr><tr class="failedeven"><td rowspan="2">ramchavantestautomation.Tests.LoginPageTest</td><td><a href="#m0">validLoginTest</a></td><td rowspan="2">1757784833964</td><td rowspan="2">41992</td></tr><tr class="failedeven"><td><a href="#m1">validLoginTest</a></td></tr><tr><th colspan="4">Firefox Tests &#8212; retried</th></tr><tr class="retriedeven"><td rowspan="4">ramchavantestautomation.Tests.LoginPageTest</td><td><a href="#m2">validLoginTest</a></td><td rowspan="4">1757784960090</td><td rowspan="4">41986</td></tr><tr class="retriedeven"><td><a href="#m3">validLoginTest</a></td></tr><tr class="retriedeven"><td><a href="#m4">validLoginTest</a></td></tr><tr class="retriedeven"><td><a href="#m5">validLoginTest</a></td></tr><tr><th colspan="4">Firefox Tests &#8212; passed</th></tr><tr class="passedeven"><td rowspan="2">ramchavantestautomation.Tests.LoginPageTest</td><td><a href="#m6">invalidLoginTest</a></td><td rowspan="2">1757784456169</td><td rowspan="2">41965</td></tr><tr class="passedeven"><td><a href="#m7">invalidLoginTest</a></td></tr><tr class="passedodd"><td rowspan="1">ramchavantestautomation.Tests.SampleUnitTest</td><td><a href="#m8">alwaysPass</a></td><td rowspan="1">1757785338438</td><td rowspan="1">6</td></tr></tbody>
<tbody id="t1"><tr><th colspan="4">Chrome Tests &#8212; failed</th></tr><tr class="failedeven"><td rowspan="2">ramchavantestautomation.Tests.LoginPageTest</td><td><a href="#m9">validLoginTest</a></td><td rowspan="2">1757785222780</td><td rowspan="2">42150</td></tr><tr class="failedeven"><td><a href="#m10">validLoginTest</a></td></tr><tr><th colspan="4">Chrome Tests &#8212; retried</th></tr><tr class="retriedeven"><td rowspan="4">ramchavantestautomation.Tests.LoginPageTest</td><td><a href="#m11">validLoginTest</a></td><td rowspan="4">1757784970578</td><td rowspan="4">42082</td></tr><tr class="retriedeven"><td><a href="#m12">validLoginTest</a></td></tr><tr class="retriedeven"><td><a href="#m13">validLoginTest</a></td></tr><tr class="retriedeven"><td><a href="#m14">validLoginTest</a></td></tr><tr><th colspan="4">Chrome Tests &#8212; passed</th></tr><tr class="passedeven"><td rowspan="2">ramchavantestautomation.Tests.LoginPageTest</td><td><a href="#m15">invalidLoginTest</a></td><td rowspan="2">1757784340718</td><td rowspan="2">42011</td></tr><tr class="passedeven"><td><a href="#m16">invalidLoginTest</a></td></tr><tr class="passedodd"><td rowspan="1">ramchavantestautomation.Tests.SampleUnitTest</td><td><a href="#m17">alwaysPass</a></td><td rowspan="1">1757785348959</td><td rowspan="1">3</td></tr></tbody>
</table>
<h2>Firefox Tests</h2><h3 id="m0">ramchavantestautomation.Tests.LoginPageTest#validLoginTest</h3><table class="result"><tr class="param"><th>Parameter #1</th><th>Parameter #2</th></tr><tr class="param stripe"><td>user1@test</td><td>pass123</td></tr><tr><th colspan="2">Exception</th></tr><tr><td colspan="2"><div class="stacktrace">java.lang.AssertionError: Login method returned false for: user1@test expected [true] but found [false]
	at ramchavantestautomation.Tests.LoginPageTest.validLoginTest(LoginPageTest.java:22)
	at java.base/java.util.ArrayList.forEach(ArrayList.java:1596)
	at java.base/java.util.concurrent.FutureTask.run(FutureTask.java:317)
	at java.base/java.util.concurrent.ThreadPoolExecutor.runWorker(ThreadPoolExecutor.java:1144)
	at java.base/java.util.concurrent.ThreadPoolExecutor$Worker.run(ThreadPoolExecutor.java:642)
	at java.base/java.lang.Thread.run(Thread.java:1583)
... Removed 18 stack frames</div></td></tr></table><p class="totop"><a href="#summary">back to summary</a></p>
<h3 id="m1">ramchavantestautomation.Tests.LoginPageTest#validLoginTest</h3><table class="result"><tr class="param"><th>Parameter #1</th><th>Parameter #2</th></tr><tr class="param stripe"><td>user2@test</td><td>pass456</td></tr><tr><th colspan="2">Exception</th></tr><tr><td colspan="2"><div class="stacktrace">java.lang.AssertionError: Login method returned false for: user2@test expected [true] but found [false]
	at ramchavantestautomation.Tests.LoginPageTest.validLoginTest(LoginPageTest.java:22)
	at java.base/java.util.ArrayList.forEach(ArrayList.java:1596)
	at java.base/java.util.concurrent.FutureTask.run(FutureTask.java:317)
	at java.base/java.util.concurrent.ThreadPoolExecutor.runWorker(ThreadPoolExecutor.java:1144)
	at java.base/java.util.concurrent.ThreadPoolExecutor$Worker.run(ThreadPoolExecutor.java:642)
	at java.base/java.lang.Thread.run(Thread.java:1583)
... Removed 18 stack frames</div></td></tr></table><p class="totop"><a href="#summary">back to summary</a></p>
<h3 id="m2">ramchavantestautomation.Tests.LoginPageTest#validLoginTest</h3><table class="result"><tr class="param"><th>Parameter #1</th><th>Parameter #2</th></tr><tr class="param stripe"><td>user2@test</td><td>pass456</td></tr><tr><th colspan="2">Exception</th></tr><tr><td colspan="2"><div class="stacktrace">java.lang.AssertionError: Login method returned false for: user2@test expected [true] but found [false]
	at ramchavantestautomation.Tests.LoginPageTest.validLoginTest(LoginPageTest.java:22)
	at java.base/java.util.ArrayList.forEach(ArrayList.java:1596)
	at java.base/java.util.concurrent.FutureTask.run(FutureTask.java:317)
	at java.base/java.util.concurrent.ThreadPoolExecutor.runWorker(ThreadPoolExecutor.java:1144)
	at java.base/java.util.concurrent.ThreadPoolExecutor$Worker.run(ThreadPoolExecutor.java:642)
	at java.base/java.lang.Thread.run(Thread.java:1583)
... Removed 18 stack frames</div></td></tr></table><p class="totop"><a href="#summary">back to summary</a></p>
<h3 id="m3">ramchavantestautomation.Tests.LoginPageTest#validLoginTest</h3><table class="result"><tr class="param"><th>Parameter #1</th><th>Parameter #2</th></tr><tr class="param stripe"><td>user1@test</td><td>pass123</td></tr><tr><th colspan="2">Exception</th></tr><tr><td colspan="2"><div class="stacktrace">java.lang.AssertionError: Login method returned false for: user1@test expected [true] but found [false]
	at ramchavantestautomation.Tests.LoginPageTest.validLoginTest(LoginPageTest.java:22)
	at java.base/java.util.ArrayList.forEach(ArrayList.java:1596)
	at java.base/java.util.concurrent.FutureTask.run(FutureTask.java:317)
	at java.base/java.util.concurrent.ThreadPoolExecutor.runWorker(ThreadPoolExecutor.java:1144)
	at java.base/java.util.concurrent.ThreadPoolExecutor$Worker.run(ThreadPoolExecutor.java:642)
	at java.base/java.lang.Thread.run(Thread.java:1583)
... Removed 18 stack frames</div></td></tr></table><p class="totop"><a href="#summary">back to summary</a></p>
<h3 id="m4">ramchavantestautomation.Tests.LoginPageTest#validLoginTest</h3><table class="result"><tr class="param"><th>Parameter #1</th><th>Parameter #2</th></tr><tr class="param stripe"><td>user2@test</td><td>pass456</td></tr><tr><th colspan="2">Exception</th></tr><tr><td colspan="2"><div class="stacktrace">java.lang.AssertionError: Login method returned false for: user2@test expected [true] but found [false]
	at ramchavantestautomation.Tests.LoginPageTest.validLoginTest(LoginPageTest.java:22)
	at java.base/java.util.ArrayList.forEach(ArrayList.java:1596)
	at java.base/java.util.concurrent.FutureTask.run(FutureTask.java:317)
	at java.base/java.util.concurrent.ThreadPoolExecutor.runWorker(ThreadPoolExecutor.java:1144)
	at java.base/java.util.concurrent.ThreadPoolExecutor$Worker.run(ThreadPoolExecutor.java:642)
	at java.base/java.lang.Thread.run(Thread.java:1583)
... Removed 18 stack frames</div></td></tr></table><p class="totop"><a href="#summary">back to summary</a></p>
<h3 id="m5">ramchavantestautomation.Tests.LoginPageTest#validLoginTest</h3><table class="result"><tr class="param"><th>Parameter #1</th><th>Parameter #2</th></tr><tr class="param stripe"><td>user1@test</td><td>pass123</td></tr><tr><th colspan="2">Exception</th></tr><tr><td colspan="2"><div class="stacktrace">java.lang.AssertionError: Login method returned false for: user1@test expected [true] but found [false]
	at ramchavantestautomation.Tests.LoginPageTest.validLoginTest(LoginPageTest.java:22)
	at java.base/java.util.ArrayList.forEach(ArrayList.java:1596)
	at java.base/java.util.concurrent.FutureTask.run(FutureTask.java:317)
	at java.base/java.util.concurrent.ThreadPoolExecutor.runWorker(ThreadPoolExecutor.java:1144)
	at java.base/java.util.concurrent.ThreadPoolExecutor$Worker.run(ThreadPoolExecutor.java:642)
	at java.base/java.lang.Thread.run(Thread.java:1583)
... Removed 18 stack frames</div></td></tr></table><p class="totop"><a href="#summary">back to summary</a></p>
<h3 id="m6">ramchavantestautomation.Tests.LoginPageTest#invalidLoginTest</h3><table class="result"><tr class="param"><th>Parameter #1</th><th>Parameter #2</th></tr><tr class="param stripe"><td>bad2</td><td>short</td></tr></table><p class="totop"><a href="#summary">back to summary</a></p>
<h3 id="m7">ramchavantestautomation.Tests.LoginPageTest#invalidLoginTest</h3><table class="result"><tr class="param"><th>Parameter #1</th><th>Parameter #2</th></tr><tr class="param stripe"><td>bad1</td><td>123</td></tr></table><p class="totop"><a href="#summary">back to summary</a></p>
<h3 id="m8">ramchavantestautomation.Tests.SampleUnitTest#alwaysPass</h3><table class="result"><tr><th class="invisible"/></tr></table><p class="totop"><a href="#summary">back to summary</a></p>
<h2>Chrome Tests</h2><h3 id="m9">ramchavantestautomation.Tests.LoginPageTest#validLoginTest</h3><table class="result"><tr class="param"><th>Parameter #1</th><th>Parameter #2</th></tr><tr class="param stripe"><td>user2@test</td><td>pass456</td></tr><tr><th colspan="2">Exception</th></tr><tr><td colspan="2"><div class="stacktrace">java.lang.AssertionError: Login method returned false for: user2@test expected [true] but found [false]
	at ramchavantestautomation.Tests.LoginPageTest.validLoginTest(LoginPageTest.java:22)
	at java.base/java.util.ArrayList.forEach(ArrayList.java:1596)
	at java.base/java.util.concurrent.FutureTask.run(FutureTask.java:317)
	at java.base/java.util.concurrent.ThreadPoolExecutor.runWorker(ThreadPoolExecutor.java:1144)
	at java.base/java.util.concurrent.ThreadPoolExecutor$Worker.run(ThreadPoolExecutor.java:642)
	at java.base/java.lang.Thread.run(Thread.java:1583)
... Removed 18 stack frames</div></td></tr></table><p class="totop"><a href="#summary">back to summary</a></p>
<h3 id="m10">ramchavantestautomation.Tests.LoginPageTest#validLoginTest</h3><table class="result"><tr class="param"><th>Parameter #1</th><th>Parameter #2</th></tr><tr class="param stripe"><td>user1@test</td><td>pass123</td></tr><tr><th colspan="2">Exception</th></tr><tr><td colspan="2"><div class="stacktrace">java.lang.AssertionError: Login method returned false for: user1@test expected [true] but found [false]
	at ramchavantestautomation.Tests.LoginPageTest.validLoginTest(LoginPageTest.java:22)
	at java.base/java.util.ArrayList.forEach(ArrayList.java:1596)
	at java.base/java.util.concurrent.FutureTask.run(FutureTask.java:317)
	at java.base/java.util.concurrent.ThreadPoolExecutor.runWorker(ThreadPoolExecutor.java:1144)
	at java.base/java.util.concurrent.ThreadPoolExecutor$Worker.run(ThreadPoolExecutor.java:642)
	at java.base/java.lang.Thread.run(Thread.java:1583)
... Removed 18 stack frames</div></td></tr></table><p class="totop"><a href="#summary">back to summary</a></p>
<h3 id="m11">ramchavantestautomation.Tests.LoginPageTest#validLoginTest</h3><table class="result"><tr class="param"><th>Parameter #1</th><th>Parameter #2</th></tr><tr class="param stripe"><td>user2@test</td><td>pass456</td></tr><tr><th colspan="2">Exception</th></tr><tr><td colspan="2"><div class="stacktrace">java.lang.AssertionError: Login method returned false for: user2@test expected [true] but found [false]
	at ramchavantestautomation.Tests.LoginPageTest.validLoginTest(LoginPageTest.java:22)
	at java.base/java.util.ArrayList.forEach(ArrayList.java:1596)
	at java.base/java.util.concurrent.FutureTask.run(FutureTask.java:317)
	at java.base/java.util.concurrent.ThreadPoolExecutor.runWorker(ThreadPoolExecutor.java:1144)
	at java.base/java.util.concurrent.ThreadPoolExecutor$Worker.run(ThreadPoolExecutor.java:642)
	at java.base/java.lang.Thread.run(Thread.java:1583)
... Removed 18 stack frames</div></td></tr></table><p class="totop"><a href="#summary">back to summary</a></p>
<h3 id="m12">ramchavantestautomation.Tests.LoginPageTest#validLoginTest</h3><table class="result"><tr class="param"><th>Parameter #1</th><th>Parameter #2</th></tr><tr class="param stripe"><td>user2@test</td><td>pass456</td></tr><tr><th colspan="2">Exception</th></tr><tr><td colspan="2"><div class="stacktrace">java.lang.AssertionError: Login method returned false for: user2@test expected [true] but found [false]
	at ramchavantestautomation.Tests.LoginPageTest.validLoginTest(LoginPageTest.java:22)
	at java.base/java.util.ArrayList.forEach(ArrayList.java:1596)
	at java.base/java.util.concurrent.FutureTask.run(FutureTask.java:317)
	at java.base/java.util.concurrent.ThreadPoolExecutor.runWorker(ThreadPoolExecutor.java:1144)
	at java.base/java.util.concurrent.ThreadPoolExecutor$Worker.run(ThreadPoolExecutor.java:642)
	at java.base/java.lang.Thread.run(Thread.java:1583)
... Removed 18 stack frames</div></td></tr></table><p class="totop"><a href="#summary">back to summary</a></p>
<h3 id="m13">ramchavantestautomation.Tests.LoginPageTest#validLoginTest</h3><table class="result"><tr class="param"><th>Parameter #1</th><th>Parameter #2</th></tr><tr class="param stripe"><td>user1@test</td><td>pass123</td></tr><tr><th colspan="2">Exception</th></tr><tr><td colspan="2"><div class="stacktrace">java.lang.AssertionError: Login method returned false for: user1@test expected [true] but found [false]
	at ramchavantestautomation.Tests.LoginPageTest.validLoginTest(LoginPageTest.java:22)
	at java.base/java.util.ArrayList.forEach(ArrayList.java:1596)
	at java.base/java.util.concurrent.FutureTask.run(FutureTask.java:317)
	at java.base/java.util.concurrent.ThreadPoolExecutor.runWorker(ThreadPoolExecutor.java:1144)
	at java.base/java.util.concurrent.ThreadPoolExecutor$Worker.run(ThreadPoolExecutor.java:642)
	at java.base/java.lang.Thread.run(Thread.java:1583)
... Removed 18 stack frames</div></td></tr></table><p class="totop"><a href="#summary">back to summary</a></p>
<h3 id="m14">ramchavantestautomation.Tests.LoginPageTest#validLoginTest</h3><table class="result"><tr class="param"><th>Parameter #1</th><th>Parameter #2</th></tr><tr class="param stripe"><td>user1@test</td><td>pass123</td></tr><tr><th colspan="2">Exception</th></tr><tr><td colspan="2"><div class="stacktrace">java.lang.AssertionError: Login method returned false for: user1@test expected [true] but found [false]
	at ramchavantestautomation.Tests.LoginPageTest.validLoginTest(LoginPageTest.java:22)
	at java.base/java.util.ArrayList.forEach(ArrayList.java:1596)
	at java.base/java.util.concurrent.FutureTask.run(FutureTask.java:317)
	at java.base/java.util.concurrent.ThreadPoolExecutor.runWorker(ThreadPoolExecutor.java:1144)
	at java.base/java.util.concurrent.ThreadPoolExecutor$Worker.run(ThreadPoolExecutor.java:642)
	at java.base/java.lang.Thread.run(Thread.java:1583)
... Removed 18 stack frames</div></td></tr></table><p class="totop"><a href="#summary">back to summary</a></p>
<h3 id="m15">ramchavantestautomation.Tests.LoginPageTest#invalidLoginTest</h3><table class="result"><tr class="param"><th>Parameter #1</th><th>Parameter #2</th></tr><tr class="param stripe"><td>bad1</td><td>123</td></tr></table><p class="totop"><a href="#summary">back to summary</a></p>
<h3 id="m16">ramchavantestautomation.Tests.LoginPageTest#invalidLoginTest</h3><table class="result"><tr class="param"><th>Parameter #1</th><th>Parameter #2</th></tr><tr class="param stripe"><td>bad2</td><td>short</td></tr></table><p class="totop"><a href="#summary">back to summary</a></p>
<h3 id="m17">ramchavantestautomation.Tests.SampleUnitTest#alwaysPass</h3><table class="result"><tr><th class="invisible"/></tr></table><p class="totop"><a href="#summary">back to summary</a></p>
</body>
</html>
