<!DOCTYPE html>

<html>
  <head>
  <meta charset='utf-8'>
  <title>TestNG reports</title>

    <link type="text/css" href="testng-reports1.css" rel="stylesheet" id="ultra" />
    <link type="text/css" href="testng-reports.css" rel="stylesheet" id="retro" disabled="false"/>
    <script type="text/javascript" src="jquery-3.6.0.min.js"></script>
    <script type="text/javascript" src="testng-reports.js"></script>
    <script type="text/javascript" src="https://www.google.com/jsapi"></script>
    <script type='text/javascript'>
      google.load('visualization', '1', {packages:['table']});
      google.setOnLoadCallback(drawTable);
      var suiteTableInitFunctions = new Array();
      var suiteTableData = new Array();
    </script>
    <!--
      <script type="text/javascript" src="jquery-ui/js/jquery-ui-1.8.16.custom.min.js"></script>
     -->
  </head>

  <body>    <div class="top-banner-root">
      <span class="top-banner-title-font">Test results</span>
      <button id="button" class="button">Switch Retro Theme</button> <!-- button -->
      <br/>
      <span class="top-banner-font-1">1 suite, 4 failed tests</span>
    </div> <!-- top-banner-root -->
    <div class="navigator-root">
      <div class="navigator-suite-header">
        <span>All suites</span>
        <a href="#" title="Collapse/expand all the suites" class="collapse-all-link">
          <img src="collapseall.gif" class="collapse-all-icon">
          </img> <!-- collapse-all-icon -->
        </a> <!-- collapse-all-link -->
      </div> <!-- navigator-suite-header -->
      <div class="suite">
        <div class="rounded-window">
          <div class="suite-header light-rounded-window-top">
            <a href="#" panel-name="suite-Ecommerce_Automation_Suite" class="navigator-link">
              <span class="suite-name border-failed">Ecommerce Automation Suite</span>
            </a> <!-- navigator-link -->
          </div> <!-- suite-header light-rounded-window-top -->
          <div class="navigator-suite-content">
            <div class="suite-section-title">
              <span>Info</span>
            </div> <!-- suite-section-title -->
            <div class="suite-section-content">
              <ul>
                <li>
                  <a href="#" panel-name="test-xml-Ecommerce_Automation_Suite" class="navigator-link ">
                    <span>D:\Automation_Ecommerce_WebSite\Ecommerce_WebAutomation\testng.xml</span>
                  </a> <!-- navigator-link  -->
                </li>
                <li>
                  <a href="#" panel-name="testlist-Ecommerce_Automation_Suite" class="navigator-link ">
                    <span class="test-stats">2 tests</span>
                  </a> <!-- navigator-link  -->
                </li>
                <li>
                  <a href="#" panel-name="group-Ecommerce_Automation_Suite" class="navigator-link ">
                    <span>0 groups</span>
                  </a> <!-- navigator-link  -->
                </li>
                <li>
                  <a href="#" panel-name="times-Ecommerce_Automation_Suite" class="navigator-link ">
                    <span>Times</span>
                  </a> <!-- navigator-link  -->
                </li>
                <li>
                  <a href="#" panel-name="reporter-Ecommerce_Automation_Suite" class="navigator-link ">
                    <span>Reporter output</span>
                  </a> <!-- navigator-link  -->
                </li>
                <li>
                  <a href="#" panel-name="ignored-methods-Ecommerce_Automation_Suite" class="navigator-link ">
                    <span>Ignored methods</span>
                  </a> <!-- navigator-link  -->
                </li>
                <li>
                  <a href="#" panel-name="chronological-Ecommerce_Automation_Suite" class="navigator-link ">
                    <span>Chronological view</span>
                  </a> <!-- navigator-link  -->
                </li>
              </ul>
            </div> <!-- suite-section-content -->
            <div class="result-section">
              <div class="suite-section-title">
                <span>Results</span>
              </div> <!-- suite-section-title -->
              <div class="suite-section-content">
                <ul>
                  <li>
                    <span class="method-stats">18 methods, 4 failed,  8 skipped,  6 passed</span>
                  </li>
                  <li>
                    <span class="method-list-title failed">Failed methods</span>
                    <span class="show-or-hide-methods failed">
                      <a href="#" panel-name="suite-Ecommerce_Automation_Suite" class="hide-methods failed suite-Ecommerce_Automation_Suite"> (hide)</a> <!-- hide-methods failed suite-Ecommerce_Automation_Suite -->
                      <a href="#" panel-name="suite-Ecommerce_Automation_Suite" class="show-methods failed suite-Ecommerce_Automation_Suite"> (show)</a> <!-- show-methods failed suite-Ecommerce_Automation_Suite -->
                    </span>
                    <div class="method-list-content failed suite-Ecommerce_Automation_Suite">
                      <span>
                        <img src="failed.png" width="3%"/>
                        <a href="#" panel-name="suite-Ecommerce_Automation_Suite" title="ramchavantestautomation.Tests.LoginPageTest" class="method navigator-link" hash-for-method="validLoginTest(user1@test, pass123)">validLoginTest(user1@test, pass123)</a> <!-- method navigator-link -->
                      </span>
                      <br/>
                      <span>
                        <img src="failed.png" width="3%"/>
                        <a href="#" panel-name="suite-Ecommerce_Automation_Suite" title="ramchavantestautomation.Tests.LoginPageTest" class="method navigator-link" hash-for-method="validLoginTest(user2@test, pass456)">validLoginTest(user2@test, pass456)</a> <!-- method navigator-link -->
                      </span>
                      <br/>
                      <span>
                        <img src="failed.png" width="3%"/>
                        <a href="#" panel-name="suite-Ecommerce_Automation_Suite" title="ramchavantestautomation.Tests.LoginPageTest" class="method navigator-link" hash-for-method="validLoginTest(user2@test, pass456)">validLoginTest(user2@test, pass456)</a> <!-- method navigator-link -->
                      </span>
                      <br/>
                      <span>
                        <img src="failed.png" width="3%"/>
                        <a href="#" panel-name="suite-Ecommerce_Automation_Suite" title="ramchavantestautomation.Tests.LoginPageTest" class="method navigator-link" hash-for-method="validLoginTest(user1@test, pass123)">validLoginTest(user1@test, pass123)</a> <!-- method navigator-link -->
                      </span>
                      <br/>
                    </div> <!-- method-list-content failed suite-Ecommerce_Automation_Suite -->
                  </li>
                  <li>
                    <span class="method-list-title skipped">Retried methods</span>
                    <span class="show-or-hide-methods skipped">
                      <a href="#" panel-name="suite-Ecommerce_Automation_Suite" class="hide-methods skipped suite-Ecommerce_Automation_Suite"> (hide)</a> <!-- hide-methods skipped suite-Ecommerce_Automation_Suite -->
                      <a href="#" panel-name="suite-Ecommerce_Automation_Suite" class="show-methods skipped suite-Ecommerce_Automation_Suite"> (show)</a> <!-- show-methods skipped suite-Ecommerce_Automation_Suite -->
                    </span>
                    <div class="method-list-content skipped suite-Ecommerce_Automation_Suite">
                      <span>
                        <img src="skipped.png" width="3%"/>
                        <a href="#" panel-name="suite-Ecommerce_Automation_Suite" title="ramchavantestautomation.Tests.LoginPageTest" class="method navigator-link" hash-for-method="validLoginTest(user2@test, pass456)">validLoginTest(user2@test, pass456)</a> <!-- method navigator-link -->
                      </span>
                      <br/>
                      <span>
                        <img src="skipped.png" width="3%"/>
                        <a href="#" panel-name="suite-Ecommerce_Automation_Suite" title="ramchavantestautomation.Tests.LoginPageTest" class="method navigator-link" hash-for-method="validLoginTest(user1@test, pass123)">validLoginTest(user1@test, pass123)</a> <!-- method navigator-link -->
                      </span>
                      <br/>
                      <span>
                        <img src="skipped.png" width="3%"/>
                        <a href="#" panel-name="suite-Ecommerce_Automation_Suite" title="ramchavantestautomation.Tests.LoginPageTest" class="method navigator-link" hash-for-method="validLoginTest(user2@test, pass456)">validLoginTest(user2@test, pass456)</a> <!-- method navigator-link -->
                      </span>
                      <br/>
                      <span>
                        <img src="skipped.png" width="3%"/>
                        <a href="#" panel-name="suite-Ecommerce_Automation_Suite" title="ramchavantestautomation.Tests.LoginPageTest" class="method navigator-link" hash-for-method="validLoginTest(user1@test, pass123)">validLoginTest(user1@test, pass123)</a> <!-- method navigator-link -->
                      </span>
                      <br/>
                      <span>
                        <img src="skipped.png" width="3%"/>
                        <a href="#" panel-name="suite-Ecommerce_Automation_Suite" title="ramchavantestautomation.Tests.LoginPageTest" class="method navigator-link" hash-for-method="validLoginTest(user2@test, pass456)">validLoginTest(user2@test, pass456)</a> <!-- method navigator-link -->
                      </span>
                      <br/>
                      <span>
                        <img src="skipped.png" width="3%"/>
                        <a href="#" panel-name="suite-Ecommerce_Automation_Suite" title="ramchavantestautomation.Tests.LoginPageTest" class="method navigator-link" hash-for-method="validLoginTest(user2@test, pass456)">validLoginTest(user2@test, pass456)</a> <!-- method navigator-link -->
                      </span>
                      <br/>
                      <span>
                        <img src="skipped.png" width="3%"/>
                        <a href="#" panel-name="suite-Ecommerce_Automation_Suite" title="ramchavantestautomation.Tests.LoginPageTest" class="method navigator-link" hash-for-method="validLoginTest(user1@test, pass123)">validLoginTest(user1@test, pass123)</a> <!-- method navigator-link -->
                      </span>
                      <br/>
                      <span>
                        <img src="skipped.png" width="3%"/>
                        <a href="#" panel-name="suite-Ecommerce_Automation_Suite" title="ramchavantestautomation.Tests.LoginPageTest" class="method navigator-link" hash-for-method="validLoginTest(user1@test, pass123)">validLoginTest(user1@test, pass123)</a> <!-- method navigator-link -->
                      </span>
                      <br/>
                    </div> <!-- method-list-content skipped suite-Ecommerce_Automation_Suite -->
                  </li>
                  <li>
                    <span class="method-list-title passed">Passed methods</span>
                    <span class="show-or-hide-methods passed">
                      <a href="#" panel-name="suite-Ecommerce_Automation_Suite" class="hide-methods passed suite-Ecommerce_Automation_Suite"> (hide)</a> <!-- hide-methods passed suite-Ecommerce_Automation_Suite -->
                      <a href="#" panel-name="suite-Ecommerce_Automation_Suite" class="show-methods passed suite-Ecommerce_Automation_Suite"> (show)</a> <!-- show-methods passed suite-Ecommerce_Automation_Suite -->
                    </span>
                    <div class="method-list-content passed suite-Ecommerce_Automation_Suite">
                      <span>
                        <img src="passed.png" width="3%"/>
                        <a href="#" panel-name="suite-Ecommerce_Automation_Suite" title="ramchavantestautomation.Tests.SampleUnitTest" class="method navigator-link" hash-for-method="alwaysPass">alwaysPass</a> <!-- method navigator-link -->
                      </span>
                      <br/>
                      <span>
                        <img src="passed.png" width="3%"/>
                        <a href="#" panel-name="suite-Ecommerce_Automation_Suite" title="ramchavantestautomation.Tests.SampleUnitTest" class="method navigator-link" hash-for-method="alwaysPass">alwaysPass</a> <!-- method navigator-link -->
                      </span>
                      <br/>
                      <span>
                        <img src="passed.png" width="3%"/>
                        <a href="#" panel-name="suite-Ecommerce_Automation_Suite" title="ramchavantestautomation.Tests.LoginPageTest" class="method navigator-link" hash-for-method="invalidLoginTest(bad2, short)">invalidLoginTest(bad2, short)</a> <!-- method navigator-link -->
                      </span>
                      <br/>
                      <span>
                        <img src="passed.png" width="3%"/>
                        <a href="#" panel-name="suite-Ecommerce_Automation_Suite" title="ramchavantestautomation.Tests.LoginPageTest" class="method navigator-link" hash-for-method="invalidLoginTest(bad1, 123)">invalidLoginTest(bad1, 123)</a> <!-- method navigator-link -->
                      </span>
                      <br/>
                      <span>
                        <img src="passed.png" width="3%"/>
                        <a href="#" panel-name="suite-Ecommerce_Automation_Suite" title="ramchavantestautomation.Tests.LoginPageTest" class="method navigator-link" hash-for-method="invalidLoginTest(bad1, 123)">invalidLoginTest(bad1, 123)</a> <!-- method navigator-link -->
                      </span>
                      <br/>
                      <span>
                        <img src="passed.png" width="3%"/>
                        <a href="#" panel-name="suite-Ecommerce_Automation_Suite" title="ramchavantestautomation.Tests.LoginPageTest" class="method navigator-link" hash-for-method="invalidLoginTest(bad2, short)">invalidLoginTest(bad2, short)</a> <!-- method navigator-link -->
                      </span>
                      <br/>
                    </div> <!-- method-list-content passed suite-Ecommerce_Automation_Suite -->
                  </li>
                </ul>
              </div> <!-- suite-section-content -->
            </div> <!-- result-section -->
          </div> <!-- navigator-suite-content -->
        </div> <!-- rounded-window -->
      </div> <!-- suite -->
    </div> <!-- navigator-root -->
    <div class="wrapper">
      <div class="main-panel-root">
        <div panel-name="suite-Ecommerce_Automation_Suite" class="panel Ecommerce_Automation_Suite">
          <div class="suite-Ecommerce_Automation_Suite-class-failed">
            <div class="main-panel-header rounded-window-top">
              <img src="failed.png"/>
              <span class="class-name">ramchavantestautomation.Tests.LoginPageTest</span>
            </div> <!-- main-panel-header rounded-window-top -->
            <div class="main-panel-content rounded-window-bottom">
              <div class="method">
                <div class="method-content">
                  <a name="validLoginTest(user1@test, pass123)">
                  </a> <!-- validLoginTest(user1@test, pass123) -->
                  <span class="method-name">validLoginTest</span>
                  <span class="parameters">(user1@test,pass123)</span>
                  <div class="stack-trace">java.lang.AssertionError: Login method returned false for: user1@test expected [true] but found [false]
	at ramchavantestautomation.Tests.LoginPageTest.validLoginTest(LoginPageTest.java:22)
	at java.base/java.util.ArrayList.forEach(ArrayList.java:1596)
	at java.base/java.util.concurrent.FutureTask.run(FutureTask.java:317)
	at java.base/java.util.concurrent.ThreadPoolExecutor.runWorker(ThreadPoolExecutor.java:1144)
	at java.base/java.util.concurrent.ThreadPoolExecutor$Worker.run(ThreadPoolExecutor.java:642)
	at java.base/java.lang.Thread.run(Thread.java:1583)
... Removed 18 stack frames
</div> <!-- stack-trace -->
                </div> <!-- method-content -->
              </div> <!-- method -->
              <div class="method">
                <div class="method-content">
                  <a name="validLoginTest(user2@test, pass456)">
                  </a> <!-- validLoginTest(user2@test, pass456) -->
                  <span class="method-name">validLoginTest</span>
                  <span class="parameters">(user2@test,pass456)</span>
                  <div class="stack-trace">java.lang.AssertionError: Login method returned false for: user2@test expected [true] but found [false]
	at ramchavantestautomation.Tests.LoginPageTest.validLoginTest(LoginPageTest.java:22)
	at java.base/java.util.ArrayList.forEach(ArrayList.java:1596)
	at java.base/java.util.concurrent.FutureTask.run(FutureTask.java:317)
	at java.base/java.util.concurrent.ThreadPoolExecutor.runWorker(ThreadPoolExecutor.java:1144)
	at java.base/java.util.concurrent.ThreadPoolExecutor$Worker.run(ThreadPoolExecutor.java:642)
	at java.base/java.lang.Thread.run(Thread.java:1583)
... Removed 18 stack frames
</div> <!-- stack-trace -->
                </div> <!-- method-content -->
              </div> <!-- method -->
              <div class="method">
                <div class="method-content">
                  <a name="validLoginTest(user2@test, pass456)">
                  </a> <!-- validLoginTest(user2@test, pass456) -->
                  <span class="method-name">validLoginTest</span>
                  <span class="parameters">(user2@test,pass456)</span>
                  <div class="stack-trace">java.lang.AssertionError: Login method returned false for: user2@test expected [true] but found [false]
	at ramchavantestautomation.Tests.LoginPageTest.validLoginTest(LoginPageTest.java:22)
	at java.base/java.util.ArrayList.forEach(ArrayList.java:1596)
	at java.base/java.util.concurrent.FutureTask.run(FutureTask.java:317)
	at java.base/java.util.concurrent.ThreadPoolExecutor.runWorker(ThreadPoolExecutor.java:1144)
	at java.base/java.util.concurrent.ThreadPoolExecutor$Worker.run(ThreadPoolExecutor.java:642)
	at java.base/java.lang.Thread.run(Thread.java:1583)
... Removed 18 stack frames
</div> <!-- stack-trace -->
                </div> <!-- method-content -->
              </div> <!-- method -->
              <div class="method">
                <div class="method-content">
                  <a name="validLoginTest(user1@test, pass123)">
                  </a> <!-- validLoginTest(user1@test, pass123) -->
                  <span class="method-name">validLoginTest</span>
                  <span class="parameters">(user1@test,pass123)</span>
                  <div class="stack-trace">java.lang.AssertionError: Login method returned false for: user1@test expected [true] but found [false]
	at ramchavantestautomation.Tests.LoginPageTest.validLoginTest(LoginPageTest.java:22)
	at java.base/java.util.ArrayList.forEach(ArrayList.java:1596)
	at java.base/java.util.concurrent.FutureTask.run(FutureTask.java:317)
	at java.base/java.util.concurrent.ThreadPoolExecutor.runWorker(ThreadPoolExecutor.java:1144)
	at java.base/java.util.concurrent.ThreadPoolExecutor$Worker.run(ThreadPoolExecutor.java:642)
	at java.base/java.lang.Thread.run(Thread.java:1583)
... Removed 18 stack frames
</div> <!-- stack-trace -->
                </div> <!-- method-content -->
              </div> <!-- method -->
            </div> <!-- main-panel-content rounded-window-bottom -->
          </div> <!-- suite-Ecommerce_Automation_Suite-class-failed -->
          <div class="suite-Ecommerce_Automation_Suite-class-skipped">
            <div class="main-panel-header rounded-window-top">
              <img src="skipped.png"/>
              <span class="class-name">ramchavantestautomation.Tests.LoginPageTest</span>
            </div> <!-- main-panel-header rounded-window-top -->
            <div class="main-panel-content rounded-window-bottom">
              <div class="method">
                <div class="method-content">
                  <a name="validLoginTest(user2@test, pass456)">
                  </a> <!-- validLoginTest(user2@test, pass456) -->
                  <span class="method-name">validLoginTest</span>
                  <span class="parameters">(user2@test,pass456)</span>
                  <div class="stack-trace">java.lang.AssertionError: Login method returned false for: user2@test expected [true] but found [false]
	at ramchavantestautomation.Tests.LoginPageTest.validLoginTest(LoginPageTest.java:22)
	at java.base/java.util.ArrayList.forEach(ArrayList.java:1596)
	at java.base/java.util.concurrent.FutureTask.run(FutureTask.java:317)
	at java.base/java.util.concurrent.ThreadPoolExecutor.runWorker(ThreadPoolExecutor.java:1144)
	at java.base/java.util.concurrent.ThreadPoolExecutor$Worker.run(ThreadPoolExecutor.java:642)
	at java.base/java.lang.Thread.run(Thread.java:1583)
... Removed 18 stack frames
</div> <!-- stack-trace -->
                </div> <!-- method-content -->
              </div> <!-- method -->
              <div class="method">
                <div class="method-content">
                  <a name="validLoginTest(user1@test, pass123)">
                  </a> <!-- validLoginTest(user1@test, pass123) -->
                  <span class="method-name">validLoginTest</span>
                  <span class="parameters">(user1@test,pass123)</span>
                  <div class="stack-trace">java.lang.AssertionError: Login method returned false for: user1@test expected [true] but found [false]
	at ramchavantestautomation.Tests.LoginPageTest.validLoginTest(LoginPageTest.java:22)
	at java.base/java.util.ArrayList.forEach(ArrayList.java:1596)
	at java.base/java.util.concurrent.FutureTask.run(FutureTask.java:317)
	at java.base/java.util.concurrent.ThreadPoolExecutor.runWorker(ThreadPoolExecutor.java:1144)
	at java.base/java.util.concurrent.ThreadPoolExecutor$Worker.run(ThreadPoolExecutor.java:642)
	at java.base/java.lang.Thread.run(Thread.java:1583)
... Removed 18 stack frames
</div> <!-- stack-trace -->
                </div> <!-- method-content -->
              </div> <!-- method -->
              <div class="method">
                <div class="method-content">
                  <a name="validLoginTest(user2@test, pass456)">
                  </a> <!-- validLoginTest(user2@test, pass456) -->
                  <span class="method-name">validLoginTest</span>
                  <span class="parameters">(user2@test,pass456)</span>
                  <div class="stack-trace">java.lang.AssertionError: Login method returned false for: user2@test expected [true] but found [false]
	at ramchavantestautomation.Tests.LoginPageTest.validLoginTest(LoginPageTest.java:22)
	at java.base/java.util.ArrayList.forEach(ArrayList.java:1596)
	at java.base/java.util.concurrent.FutureTask.run(FutureTask.java:317)
	at java.base/java.util.concurrent.ThreadPoolExecutor.runWorker(ThreadPoolExecutor.java:1144)
	at java.base/java.util.concurrent.ThreadPoolExecutor$Worker.run(ThreadPoolExecutor.java:642)
	at java.base/java.lang.Thread.run(Thread.java:1583)
... Removed 18 stack frames
</div> <!-- stack-trace -->
                </div> <!-- method-content -->
              </div> <!-- method -->
              <div class="method">
                <div class="method-content">
                  <a name="validLoginTest(user1@test, pass123)">
                  </a> <!-- validLoginTest(user1@test, pass123) -->
                  <span class="method-name">validLoginTest</span>
                  <span class="parameters">(user1@test,pass123)</span>
                  <div class="stack-trace">java.lang.AssertionError: Login method returned false for: user1@test expected [true] but found [false]
	at ramchavantestautomation.Tests.LoginPageTest.validLoginTest(LoginPageTest.java:22)
	at java.base/java.util.ArrayList.forEach(ArrayList.java:1596)
	at java.base/java.util.concurrent.FutureTask.run(FutureTask.java:317)
	at java.base/java.util.concurrent.ThreadPoolExecutor.runWorker(ThreadPoolExecutor.java:1144)
	at java.base/java.util.concurrent.ThreadPoolExecutor$Worker.run(ThreadPoolExecutor.java:642)
	at java.base/java.lang.Thread.run(Thread.java:1583)
... Removed 18 stack frames
</div> <!-- stack-trace -->
                </div> <!-- method-content -->
              </div> <!-- method -->
              <div class="method">
                <div class="method-content">
                  <a name="validLoginTest(user2@test, pass456)">
                  </a> <!-- validLoginTest(user2@test, pass456) -->
                  <span class="method-name">validLoginTest</span>
                  <span class="parameters">(user2@test,pass456)</span>
                  <div class="stack-trace">java.lang.AssertionError: Login method returned false for: user2@test expected [true] but found [false]
	at ramchavantestautomation.Tests.LoginPageTest.validLoginTest(LoginPageTest.java:22)
	at java.base/java.util.ArrayList.forEach(ArrayList.java:1596)
	at java.base/java.util.concurrent.FutureTask.run(FutureTask.java:317)
	at java.base/java.util.concurrent.ThreadPoolExecutor.runWorker(ThreadPoolExecutor.java:1144)
	at java.base/java.util.concurrent.ThreadPoolExecutor$Worker.run(ThreadPoolExecutor.java:642)
	at java.base/java.lang.Thread.run(Thread.java:1583)
... Removed 18 stack frames
</div> <!-- stack-trace -->
                </div> <!-- method-content -->
              </div> <!-- method -->
              <div class="method">
                <div class="method-content">
                  <a name="validLoginTest(user2@test, pass456)">
                  </a> <!-- validLoginTest(user2@test, pass456) -->
                  <span class="method-name">validLoginTest</span>
                  <span class="parameters">(user2@test,pass456)</span>
                  <div class="stack-trace">java.lang.AssertionError: Login method returned false for: user2@test expected [true] but found [false]
	at ramchavantestautomation.Tests.LoginPageTest.validLoginTest(LoginPageTest.java:22)
	at java.base/java.util.ArrayList.forEach(ArrayList.java:1596)
	at java.base/java.util.concurrent.FutureTask.run(FutureTask.java:317)
	at java.base/java.util.concurrent.ThreadPoolExecutor.runWorker(ThreadPoolExecutor.java:1144)
	at java.base/java.util.concurrent.ThreadPoolExecutor$Worker.run(ThreadPoolExecutor.java:642)
	at java.base/java.lang.Thread.run(Thread.java:1583)
... Removed 18 stack frames
</div> <!-- stack-trace -->
                </div> <!-- method-content -->
              </div> <!-- method -->
              <div class="method">
                <div class="method-content">
                  <a name="validLoginTest(user1@test, pass123)">
                  </a> <!-- validLoginTest(user1@test, pass123) -->
                  <span class="method-name">validLoginTest</span>
                  <span class="parameters">(user1@test,pass123)</span>
                  <div class="stack-trace">java.lang.AssertionError: Login method returned false for: user1@test expected [true] but found [false]
	at ramchavantestautomation.Tests.LoginPageTest.validLoginTest(LoginPageTest.java:22)
	at java.base/java.util.ArrayList.forEach(ArrayList.java:1596)
	at java.base/java.util.concurrent.FutureTask.run(FutureTask.java:317)
	at java.base/java.util.concurrent.ThreadPoolExecutor.runWorker(ThreadPoolExecutor.java:1144)
	at java.base/java.util.concurrent.ThreadPoolExecutor$Worker.run(ThreadPoolExecutor.java:642)
	at java.base/java.lang.Thread.run(Thread.java:1583)
... Removed 18 stack frames
</div> <!-- stack-trace -->
                </div> <!-- method-content -->
              </div> <!-- method -->
              <div class="method">
                <div class="method-content">
                  <a name="validLoginTest(user1@test, pass123)">
                  </a> <!-- validLoginTest(user1@test, pass123) -->
                  <span class="method-name">validLoginTest</span>
                  <span class="parameters">(user1@test,pass123)</span>
                  <div class="stack-trace">java.lang.AssertionError: Login method returned false for: user1@test expected [true] but found [false]
	at ramchavantestautomation.Tests.LoginPageTest.validLoginTest(LoginPageTest.java:22)
	at java.base/java.util.ArrayList.forEach(ArrayList.java:1596)
	at java.base/java.util.concurrent.FutureTask.run(FutureTask.java:317)
	at java.base/java.util.concurrent.ThreadPoolExecutor.runWorker(ThreadPoolExecutor.java:1144)
	at java.base/java.util.concurrent.ThreadPoolExecutor$Worker.run(ThreadPoolExecutor.java:642)
	at java.base/java.lang.Thread.run(Thread.java:1583)
... Removed 18 stack frames
</div> <!-- stack-trace -->
                </div> <!-- method-content -->
              </div> <!-- method -->
            </div> <!-- main-panel-content rounded-window-bottom -->
          </div> <!-- suite-Ecommerce_Automation_Suite-class-skipped -->
          <div class="suite-Ecommerce_Automation_Suite-class-passed">
            <div class="main-panel-header rounded-window-top">
              <img src="passed.png"/>
              <span class="class-name">ramchavantestautomation.Tests.SampleUnitTest</span>
            </div> <!-- main-panel-header rounded-window-top -->
            <div class="main-panel-content rounded-window-bottom">
              <div class="method">
                <div class="method-content">
                  <a name="alwaysPass">
                  </a> <!-- alwaysPass -->
                  <span class="method-name">alwaysPass</span>
                </div> <!-- method-content -->
              </div> <!-- method -->
              <div class="method">
                <div class="method-content">
                  <a name="alwaysPass">
                  </a> <!-- alwaysPass -->
                  <span class="method-name">alwaysPass</span>
                </div> <!-- method-content -->
              </div> <!-- method -->
            </div> <!-- main-panel-content rounded-window-bottom -->
          </div> <!-- suite-Ecommerce_Automation_Suite-class-passed -->
          <div class="suite-Ecommerce_Automation_Suite-class-passed">
            <div class="main-panel-header rounded-window-top">
              <img src="passed.png"/>
              <span class="class-name">ramchavantestautomation.Tests.LoginPageTest</span>
            </div> <!-- main-panel-header rounded-window-top -->
            <div class="main-panel-content rounded-window-bottom">
              <div class="method">
                <div class="method-content">
                  <a name="invalidLoginTest(bad2, short)">
                  </a> <!-- invalidLoginTest(bad2, short) -->
                  <span class="method-name">invalidLoginTest</span>
                  <span class="parameters">(bad2,short)</span>
                </div> <!-- method-content -->
              </div> <!-- method -->
              <div class="method">
                <div class="method-content">
                  <a name="invalidLoginTest(bad1, 123)">
                  </a> <!-- invalidLoginTest(bad1, 123) -->
                  <span class="method-name">invalidLoginTest</span>
                  <span class="parameters">(bad1,123)</span>
                </div> <!-- method-content -->
              </div> <!-- method -->
              <div class="method">
                <div class="method-content">
                  <a name="invalidLoginTest(bad1, 123)">
                  </a> <!-- invalidLoginTest(bad1, 123) -->
                  <span class="method-name">invalidLoginTest</span>
                  <span class="parameters">(bad1,123)</span>
                </div> <!-- method-content -->
              </div> <!-- method -->
              <div class="method">
                <div class="method-content">
                  <a name="invalidLoginTest(bad2, short)">
                  </a> <!-- invalidLoginTest(bad2, short) -->
                  <span class="method-name">invalidLoginTest</span>
                  <span class="parameters">(bad2,short)</span>
                </div> <!-- method-content -->
              </div> <!-- method -->
            </div> <!-- main-panel-content rounded-window-bottom -->
          </div> <!-- suite-Ecommerce_Automation_Suite-class-passed -->
        </div> <!-- panel Ecommerce_Automation_Suite -->
        <div panel-name="test-xml-Ecommerce_Automation_Suite" class="panel">
          <div class="main-panel-header rounded-window-top">
            <span class="header-content">D:\Automation_Ecommerce_WebSite\Ecommerce_WebAutomation\testng.xml</span>
          </div> <!-- main-panel-header rounded-window-top -->
          <div class="main-panel-content rounded-window-bottom">
            <pre>
&lt;?xml version=&quot;1.0&quot; encoding=&quot;UTF-8&quot;?&gt;
&lt;!DOCTYPE suite SYSTEM &quot;https://testng.org/testng-1.0.dtd&quot;&gt;
&lt;suite thread-count=&quot;2&quot; parallel=&quot;tests&quot; name=&quot;Ecommerce Automation Suite&quot; guice-stage=&quot;DEVELOPMENT&quot;&gt;
  &lt;listeners&gt;
    &lt;listener class-name=&quot;ramchavantestautomation.Base.TestListener&quot;/&gt;
  &lt;/listeners&gt;
  &lt;test thread-count=&quot;2&quot; parallel=&quot;tests&quot; name=&quot;Chrome Tests&quot;&gt;
    &lt;parameter name=&quot;browser&quot; value=&quot;chrome&quot;/&gt;
    &lt;classes&gt;
      &lt;class name=&quot;ramchavantestautomation.Tests.LoginPageTest&quot;/&gt;
      &lt;class name=&quot;ramchavantestautomation.Tests.SampleUnitTest&quot;/&gt;
    &lt;/classes&gt;
  &lt;/test&gt; &lt;!-- Chrome Tests --&gt;
  &lt;test thread-count=&quot;2&quot; parallel=&quot;tests&quot; name=&quot;Firefox Tests&quot;&gt;
    &lt;parameter name=&quot;browser&quot; value=&quot;firefox&quot;/&gt;
    &lt;classes&gt;
      &lt;class name=&quot;ramchavantestautomation.Tests.LoginPageTest&quot;/&gt;
      &lt;class name=&quot;ramchavantestautomation.Tests.SampleUnitTest&quot;/&gt;
    &lt;/classes&gt;
  &lt;/test&gt; &lt;!-- Firefox Tests --&gt;
&lt;/suite&gt; &lt;!-- Ecommerce Automation Suite --&gt;
            </pre>
          </div> <!-- main-panel-content rounded-window-bottom -->
        </div> <!-- panel -->
        <div panel-name="testlist-Ecommerce_Automation_Suite" class="panel">
          <div class="main-panel-header rounded-window-top">
            <span class="header-content">Tests for Ecommerce Automation Suite</span>
          </div> <!-- main-panel-header rounded-window-top -->
          <div class="main-panel-content rounded-window-bottom">
            <ul>
              <li>
                <span class="test-name">Chrome Tests (2 classes)</span>
              </li>
              <li>
                <span class="test-name">Firefox Tests (2 classes)</span>
              </li>
            </ul>
          </div> <!-- main-panel-content rounded-window-bottom -->
        </div> <!-- panel -->
        <div panel-name="group-Ecommerce_Automation_Suite" class="panel">
          <div class="main-panel-header rounded-window-top">
            <span class="header-content">Groups for Ecommerce Automation Suite</span>
          </div> <!-- main-panel-header rounded-window-top -->
          <div class="main-panel-content rounded-window-bottom">
          </div> <!-- main-panel-content rounded-window-bottom -->
        </div> <!-- panel -->
        <div panel-name="times-Ecommerce_Automation_Suite" class="panel">
          <div class="main-panel-header rounded-window-top">
            <span class="header-content">Times for Ecommerce Automation Suite</span>
          </div> <!-- main-panel-header rounded-window-top -->
          <div class="main-panel-content rounded-window-bottom">
            <div class="times-div">
              <script type="text/javascript">
suiteTableInitFunctions.push('tableData_Ecommerce_Automation_Suite');
function tableData_Ecommerce_Automation_Suite() {
var data = new google.visualization.DataTable();
data.addColumn('number', 'Number');
data.addColumn('string', 'Method');
data.addColumn('string', 'Class');
data.addColumn('number', 'Time (ms)');
data.addRows(18);
data.setCell(0, 0, 0)
data.setCell(0, 1, 'validLoginTest')
data.setCell(0, 2, 'ramchavantestautomation.Tests.LoginPageTest')
data.setCell(0, 3, 42150);
data.setCell(1, 0, 1)
data.setCell(1, 1, 'validLoginTest')
data.setCell(1, 2, 'ramchavantestautomation.Tests.LoginPageTest')
data.setCell(1, 3, 42082);
data.setCell(2, 0, 2)
data.setCell(2, 1, 'validLoginTest')
data.setCell(2, 2, 'ramchavantestautomation.Tests.LoginPageTest')
data.setCell(2, 3, 42063);
data.setCell(3, 0, 3)
data.setCell(3, 1, 'validLoginTest')
data.setCell(3, 2, 'ramchavantestautomation.Tests.LoginPageTest')
data.setCell(3, 3, 42055);
data.setCell(4, 0, 4)
data.setCell(4, 1, 'validLoginTest')
data.setCell(4, 2, 'ramchavantestautomation.Tests.LoginPageTest')
data.setCell(4, 3, 42050);
data.setCell(5, 0, 5)
data.setCell(5, 1, 'invalidLoginTest')
data.setCell(5, 2, 'ramchavantestautomation.Tests.LoginPageTest')
data.setCell(5, 3, 42045);
data.setCell(6, 0, 6)
data.setCell(6, 1, 'validLoginTest')
data.setCell(6, 2, 'ramchavantestautomation.Tests.LoginPageTest')
data.setCell(6, 3, 42025);
data.setCell(7, 0, 7)
data.setCell(7, 1, 'invalidLoginTest')
data.setCell(7, 2, 'ramchavantestautomation.Tests.LoginPageTest')
data.setCell(7, 3, 42019);
data.setCell(8, 0, 8)
data.setCell(8, 1, 'invalidLoginTest')
data.setCell(8, 2, 'ramchavantestautomation.Tests.LoginPageTest')
data.setCell(8, 3, 42011);
data.setCell(9, 0, 9)
data.setCell(9, 1, 'validLoginTest')
data.setCell(9, 2, 'ramchavantestautomation.Tests.LoginPageTest')
data.setCell(9, 3, 41992);
data.setCell(10, 0, 10)
data.setCell(10, 1, 'validLoginTest')
data.setCell(10, 2, 'ramchavantestautomation.Tests.LoginPageTest')
data.setCell(10, 3, 41986);
data.setCell(11, 0, 11)
data.setCell(11, 1, 'validLoginTest')
data.setCell(11, 2, 'ramchavantestautomation.Tests.LoginPageTest')
data.setCell(11, 3, 41980);
data.setCell(12, 0, 12)
data.setCell(12, 1, 'validLoginTest')
data.setCell(12, 2, 'ramchavantestautomation.Tests.LoginPageTest')
data.setCell(12, 3, 41975);
data.setCell(13, 0, 13)
data.setCell(13, 1, 'validLoginTest')
data.setCell(13, 2, 'ramchavantestautomation.Tests.LoginPageTest')
data.setCell(13, 3, 41967);
data.setCell(14, 0, 14)
data.setCell(14, 1, 'invalidLoginTest')
data.setCell(14, 2, 'ramchavantestautomation.Tests.LoginPageTest')
data.setCell(14, 3, 41965);
data.setCell(15, 0, 15)
data.setCell(15, 1, 'validLoginTest')
data.setCell(15, 2, 'ramchavantestautomation.Tests.LoginPageTest')
data.setCell(15, 3, 41932);
data.setCell(16, 0, 16)
data.setCell(16, 1, 'alwaysPass')
data.setCell(16, 2, 'ramchavantestautomation.Tests.SampleUnitTest')
data.setCell(16, 3, 6);
data.setCell(17, 0, 17)
data.setCell(17, 1, 'alwaysPass')
data.setCell(17, 2, 'ramchavantestautomation.Tests.SampleUnitTest')
data.setCell(17, 3, 3);
window.suiteTableData['Ecommerce_Automation_Suite']= { tableData: data, tableDiv: 'times-div-Ecommerce_Automation_Suite'}
return data;
}
              </script>
              <span class="suite-total-time">Total running time: 18 minutes</span>
              <div id="times-div-Ecommerce_Automation_Suite">
              </div> <!-- times-div-Ecommerce_Automation_Suite -->
            </div> <!-- times-div -->
          </div> <!-- main-panel-content rounded-window-bottom -->
        </div> <!-- panel -->
        <div panel-name="reporter-Ecommerce_Automation_Suite" class="panel">
          <div class="main-panel-header rounded-window-top">
            <span class="header-content">Reporter output for Ecommerce Automation Suite</span>
          </div> <!-- main-panel-header rounded-window-top -->
          <div class="main-panel-content rounded-window-bottom">
          </div> <!-- main-panel-content rounded-window-bottom -->
        </div> <!-- panel -->
        <div panel-name="ignored-methods-Ecommerce_Automation_Suite" class="panel">
          <div class="main-panel-header rounded-window-top">
            <span class="header-content">4 ignored methods</span>
          </div> <!-- main-panel-header rounded-window-top -->
          <div class="main-panel-content rounded-window-bottom">
            <div class="ignored-class-div">
              <span class="ignored-class-name">ramchavantestautomation.Tests.SampleUnitTest</span>
              <div class="ignored-methods-div">
                <span class="ignored-method-name">tearDownSuite</span>
                <br/>
                <span class="ignored-method-name">setUpSuite</span>
                <br/>
                <span class="ignored-method-name">setUpSuite</span>
                <br/>
                <span class="ignored-method-name">tearDownSuite</span>
                <br/>
              </div> <!-- ignored-methods-div -->
            </div> <!-- ignored-class-div -->
          </div> <!-- main-panel-content rounded-window-bottom -->
        </div> <!-- panel -->
        <div panel-name="chronological-Ecommerce_Automation_Suite" class="panel">
          <div class="main-panel-header rounded-window-top">
            <span class="header-content">Methods in chronological order</span>
          </div> <!-- main-panel-header rounded-window-top -->
          <div class="main-panel-content rounded-window-bottom">
            <div class="chronological-class">
              <div class="chronological-class-name">ramchavantestautomation.Tests.LoginPageTest</div> <!-- chronological-class-name -->
              <div class="configuration-suite before">
                <span class="method-name">setUpSuite()</span>
                <span class="method-start">0 ms</span>
              </div> <!-- configuration-suite before -->
              <div class="configuration-method before">
                <span class="method-name">startTest(public void ramchavantestautomation.Tests.LoginPageTest.invalidLoginTest(java.lang.String,java.lang....)</span>
                <span class="method-start">9914 ms</span>
              </div> <!-- configuration-method before -->
              <div class="configuration-method before">
                <span class="method-name">startTest(public void ramchavantestautomation.Tests.LoginPageTest.invalidLoginTest(java.lang.String,java.lang....)</span>
                <span class="method-start">9914 ms</span>
              </div> <!-- configuration-method before -->
              <div class="test-method">
                <span class="method-name">invalidLoginTest(bad1, 123)</span>
                <span class="method-start">41521 ms</span>
              </div> <!-- test-method -->
              <div class="test-method">
                <span class="method-name">invalidLoginTest(bad1, 123)</span>
                <span class="method-start">52004 ms</span>
              </div> <!-- test-method -->
              <div class="configuration-method after">
                <span class="method-name">captureResult([TestResult name=invalidLoginTest status=SUCCESS method=LoginPageTest.invalidLoginTest(java.lang.Str...)</span>
                <span class="method-start">83577 ms</span>
              </div> <!-- configuration-method after -->
              <div class="configuration-method after">
                <span class="method-name">captureResult([TestResult name=invalidLoginTest status=SUCCESS method=LoginPageTest.invalidLoginTest(java.lang.Str...)</span>
                <span class="method-start">94021 ms</span>
              </div> <!-- configuration-method after -->
              <div class="configuration-method before">
                <span class="method-name">startTest(public void ramchavantestautomation.Tests.LoginPageTest.invalidLoginTest(java.lang.String,java.lang....)</span>
                <span class="method-start">125462 ms</span>
              </div> <!-- configuration-method before -->
              <div class="configuration-method before">
                <span class="method-name">startTest(public void ramchavantestautomation.Tests.LoginPageTest.invalidLoginTest(java.lang.String,java.lang....)</span>
                <span class="method-start">135950 ms</span>
              </div> <!-- configuration-method before -->
              <div class="test-method">
                <span class="method-name">invalidLoginTest(bad2, short)</span>
                <span class="method-start">167455 ms</span>
              </div> <!-- test-method -->
              <div class="test-method">
                <span class="method-name">invalidLoginTest(bad2, short)</span>
                <span class="method-start">177924 ms</span>
              </div> <!-- test-method -->
              <div class="configuration-method after">
                <span class="method-name">captureResult([TestResult name=invalidLoginTest status=SUCCESS method=LoginPageTest.invalidLoginTest(java.lang.Str...)</span>
                <span class="method-start">209424 ms</span>
              </div> <!-- configuration-method after -->
              <div class="configuration-method after">
                <span class="method-name">captureResult([TestResult name=invalidLoginTest status=SUCCESS method=LoginPageTest.invalidLoginTest(java.lang.Str...)</span>
                <span class="method-start">219947 ms</span>
              </div> <!-- configuration-method after -->
              <div class="configuration-method before">
                <span class="method-name">startTest(public void ramchavantestautomation.Tests.LoginPageTest.validLoginTest(java.lang.String,java.lang.St...)</span>
                <span class="method-start">251448 ms</span>
              </div> <!-- configuration-method before -->
              <div class="configuration-method before">
                <span class="method-name">startTest(public void ramchavantestautomation.Tests.LoginPageTest.validLoginTest(java.lang.String,java.lang.St...)</span>
                <span class="method-start">261968 ms</span>
              </div> <!-- configuration-method before -->
              <div class="test-method">
                <span class="method-name">validLoginTest(user1@test, pass123)</span>
                <span class="method-start">293293 ms</span>
              </div> <!-- test-method -->
              <div class="test-method">
                <span class="method-name">validLoginTest(user1@test, pass123)</span>
                <span class="method-start">303766 ms</span>
              </div> <!-- test-method -->
              <div class="configuration-method after">
                <span class="method-name">captureResult([TestResult name=validLoginTest status=SKIP method=LoginPageTest.validLoginTest(java.lang.String,jav...)</span>
                <span class="method-start">335279 ms</span>
              </div> <!-- configuration-method after -->
              <div class="configuration-method after">
                <span class="method-name">captureResult([TestResult name=validLoginTest status=SKIP method=LoginPageTest.validLoginTest(java.lang.String,jav...)</span>
                <span class="method-start">345743 ms</span>
              </div> <!-- configuration-method after -->
              <div class="configuration-method before">
                <span class="method-name">startTest(public void ramchavantestautomation.Tests.LoginPageTest.validLoginTest(java.lang.String,java.lang.St...)</span>
                <span class="method-start">377240 ms</span>
              </div> <!-- configuration-method before -->
              <div class="configuration-method before">
                <span class="method-name">startTest(public void ramchavantestautomation.Tests.LoginPageTest.validLoginTest(java.lang.String,java.lang.St...)</span>
                <span class="method-start">387772 ms</span>
              </div> <!-- configuration-method before -->
              <div class="test-method">
                <span class="method-name">validLoginTest(user1@test, pass123)</span>
                <span class="method-start">419229 ms</span>
              </div> <!-- test-method -->
              <div class="test-method">
                <span class="method-name">validLoginTest(user1@test, pass123)</span>
                <span class="method-start">429721 ms</span>
              </div> <!-- test-method -->
              <div class="configuration-method after">
                <span class="method-name">captureResult([TestResult name=validLoginTest status=SKIP method=LoginPageTest.validLoginTest(java.lang.String,jav...)</span>
                <span class="method-start">461294 ms</span>
              </div> <!-- configuration-method after -->
              <div class="configuration-method after">
                <span class="method-name">captureResult([TestResult name=validLoginTest status=SKIP method=LoginPageTest.validLoginTest(java.lang.String,jav...)</span>
                <span class="method-start">471779 ms</span>
              </div> <!-- configuration-method after -->
              <div class="configuration-method before">
                <span class="method-name">startTest(public void ramchavantestautomation.Tests.LoginPageTest.validLoginTest(java.lang.String,java.lang.St...)</span>
                <span class="method-start">503246 ms</span>
              </div> <!-- configuration-method before -->
              <div class="configuration-method before">
                <span class="method-name">startTest(public void ramchavantestautomation.Tests.LoginPageTest.validLoginTest(java.lang.String,java.lang.St...)</span>
                <span class="method-start">513772 ms</span>
              </div> <!-- configuration-method before -->
              <div class="test-method">
                <img src="failed.png">
                </img>
                <span class="method-name">validLoginTest(user1@test, pass123)</span>
                <span class="method-start">545250 ms</span>
              </div> <!-- test-method -->
              <div class="test-method">
                <img src="failed.png">
                </img>
                <span class="method-name">validLoginTest(user1@test, pass123)</span>
                <span class="method-start">555757 ms</span>
              </div> <!-- test-method -->
              <div class="configuration-method after">
                <span class="method-name">captureResult([TestResult name=validLoginTest status=FAILURE method=LoginPageTest.validLoginTest(java.lang.String,...)</span>
                <span class="method-start">587251 ms</span>
              </div> <!-- configuration-method after -->
              <div class="configuration-method after">
                <span class="method-name">captureResult([TestResult name=validLoginTest status=FAILURE method=LoginPageTest.validLoginTest(java.lang.String,...)</span>
                <span class="method-start">597794 ms</span>
              </div> <!-- configuration-method after -->
              <div class="configuration-method before">
                <span class="method-name">startTest(public void ramchavantestautomation.Tests.LoginPageTest.validLoginTest(java.lang.String,java.lang.St...)</span>
                <span class="method-start">629373 ms</span>
              </div> <!-- configuration-method before -->
              <div class="configuration-method before">
                <span class="method-name">startTest(public void ramchavantestautomation.Tests.LoginPageTest.validLoginTest(java.lang.String,java.lang.St...)</span>
                <span class="method-start">639873 ms</span>
              </div> <!-- configuration-method before -->
              <div class="test-method">
                <span class="method-name">validLoginTest(user2@test, pass456)</span>
                <span class="method-start">671376 ms</span>
              </div> <!-- test-method -->
              <div class="test-method">
                <span class="method-name">validLoginTest(user2@test, pass456)</span>
                <span class="method-start">681864 ms</span>
              </div> <!-- test-method -->
              <div class="configuration-method after">
                <span class="method-name">captureResult([TestResult name=validLoginTest status=SKIP method=LoginPageTest.validLoginTest(java.lang.String,jav...)</span>
                <span class="method-start">713364 ms</span>
              </div> <!-- configuration-method after -->
              <div class="configuration-method after">
                <span class="method-name">captureResult([TestResult name=validLoginTest status=SKIP method=LoginPageTest.validLoginTest(java.lang.String,jav...)</span>
                <span class="method-start">723949 ms</span>
              </div> <!-- configuration-method after -->
              <div class="configuration-method before">
                <span class="method-name">startTest(public void ramchavantestautomation.Tests.LoginPageTest.validLoginTest(java.lang.String,java.lang.St...)</span>
                <span class="method-start">755536 ms</span>
              </div> <!-- configuration-method before -->
              <div class="configuration-method before">
                <span class="method-name">startTest(public void ramchavantestautomation.Tests.LoginPageTest.validLoginTest(java.lang.String,java.lang.St...)</span>
                <span class="method-start">766007 ms</span>
              </div> <!-- configuration-method before -->
              <div class="test-method">
                <span class="method-name">validLoginTest(user2@test, pass456)</span>
                <span class="method-start">797471 ms</span>
              </div> <!-- test-method -->
              <div class="test-method">
                <span class="method-name">validLoginTest(user2@test, pass456)</span>
                <span class="method-start">808009 ms</span>
              </div> <!-- test-method -->
              <div class="configuration-method after">
                <span class="method-name">captureResult([TestResult name=validLoginTest status=SKIP method=LoginPageTest.validLoginTest(java.lang.String,jav...)</span>
                <span class="method-start">839444 ms</span>
              </div> <!-- configuration-method after -->
              <div class="configuration-method after">
                <span class="method-name">captureResult([TestResult name=validLoginTest status=SKIP method=LoginPageTest.validLoginTest(java.lang.String,jav...)</span>
                <span class="method-start">849954 ms</span>
              </div> <!-- configuration-method after -->
              <div class="configuration-method before">
                <span class="method-name">startTest(public void ramchavantestautomation.Tests.LoginPageTest.validLoginTest(java.lang.String,java.lang.St...)</span>
                <span class="method-start">881599 ms</span>
              </div> <!-- configuration-method before -->
              <div class="configuration-method before">
                <span class="method-name">startTest(public void ramchavantestautomation.Tests.LoginPageTest.validLoginTest(java.lang.String,java.lang.St...)</span>
                <span class="method-start">892090 ms</span>
              </div> <!-- configuration-method before -->
              <div class="test-method">
                <img src="failed.png">
                </img>
                <span class="method-name">validLoginTest(user2@test, pass456)</span>
                <span class="method-start">923580 ms</span>
              </div> <!-- test-method -->
              <div class="test-method">
                <img src="failed.png">
                </img>
                <span class="method-name">validLoginTest(user2@test, pass456)</span>
                <span class="method-start">934066 ms</span>
              </div> <!-- test-method -->
              <div class="configuration-method after">
                <span class="method-name">captureResult([TestResult name=validLoginTest status=FAILURE method=LoginPageTest.validLoginTest(java.lang.String,...)</span>
                <span class="method-start">965632 ms</span>
              </div> <!-- configuration-method after -->
              <div class="configuration-method after">
                <span class="method-name">captureResult([TestResult name=validLoginTest status=FAILURE method=LoginPageTest.validLoginTest(java.lang.String,...)</span>
                <span class="method-start">976220 ms</span>
              </div> <!-- configuration-method after -->
            </div> <!-- chronological-class -->
            <div class="chronological-class">
              <div class="chronological-class-name">ramchavantestautomation.Tests.SampleUnitTest</div> <!-- chronological-class-name -->
              <div class="configuration-method before">
                <span class="method-name">startTest(public void ramchavantestautomation.Tests.SampleUnitTest.alwaysPass())</span>
                <span class="method-start">1007733 ms</span>
              </div> <!-- configuration-method before -->
              <div class="configuration-method before">
                <span class="method-name">startTest(public void ramchavantestautomation.Tests.SampleUnitTest.alwaysPass())</span>
                <span class="method-start">1018210 ms</span>
              </div> <!-- configuration-method before -->
              <div class="test-method">
                <span class="method-name">alwaysPass</span>
                <span class="method-start">1049724 ms</span>
              </div> <!-- test-method -->
              <div class="configuration-method after">
                <span class="method-name">captureResult([TestResult name=alwaysPass status=SUCCESS method=SampleUnitTest.alwaysPass()[pri:0, instance:ramcha...)</span>
                <span class="method-start">1049733 ms</span>
              </div> <!-- configuration-method after -->
              <div class="test-method">
                <span class="method-name">alwaysPass</span>
                <span class="method-start">1060245 ms</span>
              </div> <!-- test-method -->
              <div class="configuration-method after">
                <span class="method-name">captureResult([TestResult name=alwaysPass status=SUCCESS method=SampleUnitTest.alwaysPass()[pri:0, instance:ramcha...)</span>
                <span class="method-start">1060250 ms</span>
              </div> <!-- configuration-method after -->
            </div> <!-- chronological-class -->
            <div class="chronological-class">
              <div class="chronological-class-name">ramchavantestautomation.Tests.LoginPageTest</div> <!-- chronological-class-name -->
              <div class="configuration-suite after">
                <span class="method-name">tearDownSuite</span>
                <span class="method-start">1102495 ms</span>
              </div> <!-- configuration-suite after -->
          </div> <!-- main-panel-content rounded-window-bottom -->
        </div> <!-- panel -->
      </div> <!-- main-panel-root -->
    </div> <!-- wrapper -->
  </body>
<script type="text/javascript" src="testng-reports2.js"></script>
</html>
